Using pre-set license
Built from '2020.3/release' branch; Version is '2020.3.12f1 (b3b2c6512326) revision 11776710'; Using compiler version '192528614'; Build Type 'Release'
OS: 'Windows 10 Pro; OS build 19042.1083; Version 2009; 64bit' Language: 'ko' Physical Memory: 16310 MB
BatchMode: 1, IsHumanControllingUs: 0, StartBugReporterOnCrash: 0, Is64bit: 1, IsPro: 0

 COMMAND LINE ARGUMENTS:
D:\Unity\2020.3.12f1\Editor\Unity.exe
-adb2
-batchMode
-noUpm
-name
AssetImportWorker0
-projectPath
C:/Users/user/Documents/GitHub
-logFile
Logs/AssetImportWorker0.log
-srvPort
1405
Successfully changed project path to: C:/Users/user/Documents/GitHub
C:/Users/user/Documents/GitHub
Using Asset Import Pipeline V2.
Refreshing native plugins compatible for Editor in 32.62 ms, found 2 plugins.
Preloading 0 native plugins for Editor in 0.00 ms.
Initialize engine version: 2020.3.12f1 (b3b2c6512326)
[Subsystems] Discovering subsystems at path D:/Unity/2020.3.12f1/Editor/Data/Resources/UnitySubsystems
[Subsystems] Discovering subsystems at path C:/Users/user/Documents/GitHub/Assets
GfxDevice: creating device client; threaded=0
Direct3D:
    Version:  Direct3D 11.0 [level 11.1]
    Renderer: NVIDIA GeForce GTX 1060 3GB (ID=0x1c02)
    Vendor:   
    VRAM:     2988 MB
    Driver:   27.21.14.6109
Initialize mono
Mono path[0] = 'D:/Unity/2020.3.12f1/Editor/Data/Managed'
Mono path[1] = 'D:/Unity/2020.3.12f1/Editor/Data/MonoBleedingEdge/lib/mono/unityjit'
Mono config path = 'D:/Unity/2020.3.12f1/Editor/Data/MonoBleedingEdge/etc'
Using monoOptions --debugger-agent=transport=dt_socket,embedding=1,server=y,suspend=n,address=127.0.0.1:56328
Begin MonoManager ReloadAssembly
Registering precompiled unity dll's ...
Register platform support module: D:/Unity/2020.3.12f1/Editor/Data/PlaybackEngines/WindowsStandaloneSupport/UnityEditor.WindowsStandalone.Extensions.dll
Registered in 0.042134 seconds.
Native extension for WindowsStandalone target not found
Refreshing native plugins compatible for Editor in 31.36 ms, found 2 plugins.
Preloading 0 native plugins for Editor in 0.00 ms.
Mono: successfully reloaded assembly
- Completed reload, in 10.015 seconds
Platform modules already initialized, skipping
Registering precompiled user dll's ...
Registered in 0.013506 seconds.
Begin MonoManager ReloadAssembly
Native extension for WindowsStandalone target not found
Refreshing native plugins compatible for Editor in 0.40 ms, found 2 plugins.
Preloading 0 native plugins for Editor in 0.00 ms.
Mono: successfully reloaded assembly
- Completed reload, in  0.898 seconds
Platform modules already initialized, skipping
========================================================================
Worker process is ready to serve import requests
Launched and connected shader compiler UnityShaderCompiler.exe after 0.15 seconds
Refreshing native plugins compatible for Editor in 0.62 ms, found 2 plugins.
Preloading 0 native plugins for Editor in 0.00 ms.
Unloading 1578 Unused Serialized files (Serialized files now loaded: 0)
System memory in use before: 76.3 MB.
System memory in use after: 76.4 MB.

Unloading 19 unused Assets to reduce memory usage. Loaded Objects now: 2012.
Total: 1.783800 ms (FindLiveObjects: 0.183800 ms CreateObjectMapping: 0.065900 ms MarkObjects: 1.481900 ms  DeleteObjects: 0.051500 ms)

AssetImportParameters requested are different than current active one (requested -> active):
  custom:framework-win-MediaFoundation: 216162199b28c13a410421893ffa2e32 -> 
  custom:video-decoder-ogg-theora: a1e56fd34408186e4bbccfd4996cb3dc -> 
  custom:container-muxer-webm: aa71ff27fc2769a1b78a27578f13a17b -> 
  custom:container-demuxer-webm: 4f35f7cbe854078d1ac9338744f61a02 -> 
  custom:container-demuxer-ogg: 62fdf1f143b41e24485cea50d1cbac27 -> 
  custom:video-encoder-webm-vp8: eb34c28f22e8b96e1ab97ce403110664 -> 
  custom:video-decoder-webm-vp8: 9c59270c3fd7afecdb556c50c9e8de78 -> 
  custom:audio-decoder-ogg-vorbis: bf7c407c2cedff20999df2af8eb42d56 -> 
  custom:audio-encoder-webm-vorbis: bf7c407c2cedff20999df2af8eb42d56 -> 
========================================================================
Received Import Request.
  path: Assets/Cho/Scripts/EnemyFSM.cs
  artifactKey: Guid(66256314426f31642b5a4836f933c63a) Importer(815301076,1909f56bfc062723c751e8b465ee728b)
Start importing Assets/Cho/Scripts/EnemyFSM.cs using Guid(66256314426f31642b5a4836f933c63a) Importer(815301076,1909f56bfc062723c751e8b465ee728b)  -> (artifact id: 'ee07f778fa22b6225f670de48a947a2c') in 0.025524 seconds 
  Import took 0.028565 seconds .

========================================================================
Received Prepare
Registering precompiled user dll's ...
Registered in 0.002937 seconds.
Begin MonoManager ReloadAssembly
Native extension for WindowsStandalone target not found
Refreshing native plugins compatible for Editor in 0.36 ms, found 2 plugins.
Preloading 0 native plugins for Editor in 0.00 ms.
Mono: successfully reloaded assembly
- Completed reload, in  0.757 seconds
Platform modules already initialized, skipping
Refreshing native plugins compatible for Editor in 0.39 ms, found 2 plugins.
Preloading 0 native plugins for Editor in 0.00 ms.
Unloading 1543 Unused Serialized files (Serialized files now loaded: 0)
System memory in use before: 73.3 MB.
System memory in use after: 73.4 MB.

Unloading 14 unused Assets to reduce memory usage. Loaded Objects now: 2015.
Total: 1.519800 ms (FindLiveObjects: 0.155300 ms CreateObjectMapping: 0.054900 ms MarkObjects: 1.294200 ms  DeleteObjects: 0.014600 ms)

AssetImportParameters requested are different than current active one (requested -> active):
  custom:framework-win-MediaFoundation: 216162199b28c13a410421893ffa2e32 -> 
  custom:video-decoder-ogg-theora: a1e56fd34408186e4bbccfd4996cb3dc -> 
  custom:container-muxer-webm: aa71ff27fc2769a1b78a27578f13a17b -> 
  custom:container-demuxer-webm: 4f35f7cbe854078d1ac9338744f61a02 -> 
  custom:container-demuxer-ogg: 62fdf1f143b41e24485cea50d1cbac27 -> 
  custom:video-encoder-webm-vp8: eb34c28f22e8b96e1ab97ce403110664 -> 
  custom:video-decoder-webm-vp8: 9c59270c3fd7afecdb556c50c9e8de78 -> 
  custom:audio-decoder-ogg-vorbis: bf7c407c2cedff20999df2af8eb42d56 -> 
  custom:audio-encoder-webm-vorbis: bf7c407c2cedff20999df2af8eb42d56 -> 
========================================================================
Received Import Request.
  Time since last request: 77.999572 seconds.
  path: Assets/Cho/Scripts/EnemyFSM.cs
  artifactKey: Guid(66256314426f31642b5a4836f933c63a) Importer(815301076,1909f56bfc062723c751e8b465ee728b)
Start importing Assets/Cho/Scripts/EnemyFSM.cs using Guid(66256314426f31642b5a4836f933c63a) Importer(815301076,1909f56bfc062723c751e8b465ee728b)  -> (artifact id: '24ee870ad6a831fe71d4aff0782b6693') in 0.004891 seconds 
  Import took 0.007293 seconds .

========================================================================
Received Import Request.
  Time since last request: 28.067215 seconds.
  path: Assets/Cho/Prefabs/RangedEnemy.prefab
  artifactKey: Guid(fbb2e96877dd10749a5d5c6765401c26) Importer(815301076,1909f56bfc062723c751e8b465ee728b)
Start importing Assets/Cho/Prefabs/RangedEnemy.prefab using Guid(fbb2e96877dd10749a5d5c6765401c26) Importer(815301076,1909f56bfc062723c751e8b465ee728b)  -> (artifact id: '9184429457a3866991822623c02ad487') in 0.383303 seconds 
  Import took 0.386316 seconds .

========================================================================
Received Import Request.
  Time since last request: 0.188076 seconds.
  path: Assets/Cho/Prefabs/RangedEnemy.prefab
  artifactKey: Guid(fbb2e96877dd10749a5d5c6765401c26) Importer(815301076,1909f56bfc062723c751e8b465ee728b)
Start importing Assets/Cho/Prefabs/RangedEnemy.prefab using Guid(fbb2e96877dd10749a5d5c6765401c26) Importer(815301076,1909f56bfc062723c751e8b465ee728b)  -> (artifact id: '9184429457a3866991822623c02ad487') in 0.010986 seconds 
  Import took 0.013877 seconds .

========================================================================
Received Prepare
Registering precompiled user dll's ...
Registered in 0.002765 seconds.
Begin MonoManager ReloadAssembly
Native extension for WindowsStandalone target not found
Refreshing native plugins compatible for Editor in 0.38 ms, found 2 plugins.
Preloading 0 native plugins for Editor in 0.00 ms.
Mono: successfully reloaded assembly
- Completed reload, in  0.739 seconds
Platform modules already initialized, skipping
Refreshing native plugins compatible for Editor in 0.37 ms, found 2 plugins.
Preloading 0 native plugins for Editor in 0.00 ms.
Unloading 1543 Unused Serialized files (Serialized files now loaded: 0)
System memory in use before: 76.5 MB.
System memory in use after: 76.6 MB.

Unloading 14 unused Assets to reduce memory usage. Loaded Objects now: 2027.
Total: 1.524500 ms (FindLiveObjects: 0.141200 ms CreateObjectMapping: 0.046700 ms MarkObjects: 1.320300 ms  DeleteObjects: 0.015400 ms)

AssetImportParameters requested are different than current active one (requested -> active):
  custom:framework-win-MediaFoundation: 216162199b28c13a410421893ffa2e32 -> 
  custom:video-decoder-ogg-theora: a1e56fd34408186e4bbccfd4996cb3dc -> 
  custom:container-muxer-webm: aa71ff27fc2769a1b78a27578f13a17b -> 
  custom:container-demuxer-webm: 4f35f7cbe854078d1ac9338744f61a02 -> 
  custom:container-demuxer-ogg: 62fdf1f143b41e24485cea50d1cbac27 -> 
  custom:video-encoder-webm-vp8: eb34c28f22e8b96e1ab97ce403110664 -> 
  custom:video-decoder-webm-vp8: 9c59270c3fd7afecdb556c50c9e8de78 -> 
  custom:audio-decoder-ogg-vorbis: bf7c407c2cedff20999df2af8eb42d56 -> 
  custom:audio-encoder-webm-vorbis: bf7c407c2cedff20999df2af8eb42d56 -> 
========================================================================
Received Import Request.
  Time since last request: 4.703055 seconds.
  path: Assets/Cho/Prefabs/RangedEnemyCircle.prefab
  artifactKey: Guid(31217260796ee6b419388681c8f14455) Importer(815301076,1909f56bfc062723c751e8b465ee728b)
Start importing Assets/Cho/Prefabs/RangedEnemyCircle.prefab using Guid(31217260796ee6b419388681c8f14455) Importer(815301076,1909f56bfc062723c751e8b465ee728b)  -> (artifact id: '3cd90db324b5ed0fd2ed3516af7f9c11') in 0.053891 seconds 
  Import took 0.057044 seconds .

========================================================================
Received Import Request.
  Time since last request: 0.000108 seconds.
  path: Assets/Cho/Prefabs/RangedEnemy.prefab
  artifactKey: Guid(fbb2e96877dd10749a5d5c6765401c26) Importer(815301076,1909f56bfc062723c751e8b465ee728b)
Start importing Assets/Cho/Prefabs/RangedEnemy.prefab using Guid(fbb2e96877dd10749a5d5c6765401c26) Importer(815301076,1909f56bfc062723c751e8b465ee728b)  -> (artifact id: 'af837cc3849871e6952148a16085a78d') in 0.006644 seconds 
  Import took 0.009353 seconds .

========================================================================
Received Import Request.
  Time since last request: 0.000134 seconds.
  path: Assets/Cho/Prefabs/RangedEnemyRepeat.prefab
  artifactKey: Guid(abd70c5064bf1c84e8b987e76fb62dcc) Importer(815301076,1909f56bfc062723c751e8b465ee728b)
Start importing Assets/Cho/Prefabs/RangedEnemyRepeat.prefab using Guid(abd70c5064bf1c84e8b987e76fb62dcc) Importer(815301076,1909f56bfc062723c751e8b465ee728b)  -> (artifact id: 'c74d1a26cee117436145aa3d4b235e1d') in 0.015976 seconds 
  Import took 0.018549 seconds .

========================================================================
Received Import Request.
  Time since last request: 0.874472 seconds.
  path: Assets/Cho/Prefabs/RangedEnemyThree.prefab
  artifactKey: Guid(f7a4e675df3ddb74d8ca2112d780acfc) Importer(815301076,1909f56bfc062723c751e8b465ee728b)
Start importing Assets/Cho/Prefabs/RangedEnemyThree.prefab using Guid(f7a4e675df3ddb74d8ca2112d780acfc) Importer(815301076,1909f56bfc062723c751e8b465ee728b)  -> (artifact id: 'f0635e37f8af49d80cf3796f57fc20e9') in 0.012483 seconds 
  Import took 0.015519 seconds .

AssetImportWorkerClient::OnTransportError - code=2 error=End of file
